<?xml version="1.0" encoding="UTF-8"?>
<coverage generated="1610498529517" clover="3.2.0">
  <project timestamp="1610498529518" name="All files">
    <metrics statements="45" coveredstatements="41" conditionals="10" coveredconditionals="4" methods="10" coveredmethods="6" elements="65" coveredelements="51" complexity="0" loc="45" ncloc="45" packages="2" files="4" classes="4"/>
    <package name="express-shipping">
      <metrics statements="29" coveredstatements="25" conditionals="8" coveredconditionals="2" methods="8" coveredmethods="4"/>
      <file name="app.js" path="/Users/clairecasey/Documents/Bootcamp/7/express-shipping/app.js">
        <metrics statements="14" coveredstatements="13" conditionals="4" coveredconditionals="2" methods="2" coveredmethods="1"/>
        <line num="5" count="1" type="stmt"/>
        <line num="6" count="1" type="stmt"/>
        <line num="7" count="1" type="stmt"/>
        <line num="8" count="1" type="stmt"/>
        <line num="10" count="1" type="stmt"/>
        <line num="11" count="1" type="stmt"/>
        <line num="15" count="1" type="stmt"/>
        <line num="16" count="0" type="stmt"/>
        <line num="20" count="1" type="stmt"/>
        <line num="21" count="3" type="cond" truecount="1" falsecount="1"/>
        <line num="22" count="3" type="stmt"/>
        <line num="23" count="3" type="cond" truecount="1" falsecount="1"/>
        <line num="24" count="3" type="stmt"/>
        <line num="29" count="1" type="stmt"/>
      </file>
      <file name="expressError.js" path="/Users/clairecasey/Documents/Bootcamp/7/express-shipping/expressError.js">
        <metrics statements="8" coveredstatements="5" conditionals="4" coveredconditionals="0" methods="5" coveredmethods="2"/>
        <line num="9" count="3" type="stmt"/>
        <line num="10" count="3" type="stmt"/>
        <line num="11" count="3" type="stmt"/>
        <line num="19" count="0" type="stmt"/>
        <line num="27" count="0" type="stmt"/>
        <line num="35" count="3" type="stmt"/>
        <line num="43" count="0" type="stmt"/>
        <line num="47" count="1" type="stmt"/>
      </file>
      <file name="shipItApi.js" path="/Users/clairecasey/Documents/Bootcamp/7/express-shipping/shipItApi.js">
        <metrics statements="7" coveredstatements="7" conditionals="0" coveredconditionals="0" methods="1" coveredmethods="1"/>
        <line num="3" count="1" type="stmt"/>
        <line num="4" count="1" type="stmt"/>
        <line num="6" count="1" type="stmt"/>
        <line num="15" count="1" type="stmt"/>
        <line num="17" count="1" type="stmt"/>
        <line num="29" count="1" type="stmt"/>
        <line num="32" count="1" type="stmt"/>
      </file>
    </package>
    <package name="express-shipping.routes">
      <metrics statements="16" coveredstatements="16" conditionals="2" coveredconditionals="2" methods="2" coveredmethods="2"/>
      <file name="shipments.js" path="/Users/clairecasey/Documents/Bootcamp/7/express-shipping/routes/shipments.js">
        <metrics statements="16" coveredstatements="16" conditionals="2" coveredconditionals="2" methods="2" coveredmethods="2"/>
        <line num="3" count="1" type="stmt"/>
        <line num="4" count="1" type="stmt"/>
        <line num="5" count="1" type="stmt"/>
        <line num="6" count="1" type="stmt"/>
        <line num="7" count="1" type="stmt"/>
        <line num="9" count="1" type="stmt"/>
        <line num="19" count="1" type="stmt"/>
        <line num="20" count="4" type="stmt"/>
        <line num="22" count="4" type="stmt"/>
        <line num="24" count="4" type="cond" truecount="2" falsecount="0"/>
        <line num="25" count="3" type="stmt"/>
        <line num="26" count="3" type="stmt"/>
        <line num="29" count="1" type="stmt"/>
        <line num="30" count="1" type="stmt"/>
        <line num="32" count="1" type="stmt"/>
        <line num="36" count="1" type="stmt"/>
      </file>
    </package>
  </project>
</coverage>
