{"/Users/clairecasey/Documents/Bootcamp/7/express-shipping/app.js": {"path":"/Users/clairecasey/Documents/Bootcamp/7/express-shipping/app.js","statementMap":{"0":{"start":{"line":5,"column":16},"end":{"line":5,"column":34}},"1":{"start":{"line":6,"column":26},"end":{"line":6,"column":51}},"2":{"start":{"line":7,"column":12},"end":{"line":7,"column":25}},"3":{"start":{"line":8,"column":24},"end":{"line":8,"column":53}},"4":{"start":{"line":10,"column":0},"end":{"line":10,"column":24}},"5":{"start":{"line":11,"column":0},"end":{"line":11,"column":39}},"6":{"start":{"line":15,"column":0},"end":{"line":17,"column":3}},"7":{"start":{"line":16,"column":2},"end":{"line":16,"column":35}},"8":{"start":{"line":20,"column":0},"end":{"line":25,"column":3}},"9":{"start":{"line":21,"column":17},"end":{"line":21,"column":34}},"10":{"start":{"line":22,"column":18},"end":{"line":22,"column":29}},"11":{"start":{"line":23,"column":2},"end":{"line":23,"column":72}},"12":{"start":{"line":23,"column":39},"end":{"line":23,"column":72}},"13":{"start":{"line":24,"column":2},"end":{"line":24,"column":65}},"14":{"start":{"line":29,"column":0},"end":{"line":29,"column":21}}},"fnMap":{"0":{"name":"(anonymous_0)","decl":{"start":{"line":15,"column":8},"end":{"line":15,"column":9}},"loc":{"start":{"line":15,"column":34},"end":{"line":17,"column":1}},"line":15},"1":{"name":"(anonymous_1)","decl":{"start":{"line":20,"column":8},"end":{"line":20,"column":9}},"loc":{"start":{"line":20,"column":39},"end":{"line":25,"column":1}},"line":20}},"branchMap":{"0":{"loc":{"start":{"line":21,"column":17},"end":{"line":21,"column":34}},"type":"binary-expr","locations":[{"start":{"line":21,"column":17},"end":{"line":21,"column":27}},{"start":{"line":21,"column":31},"end":{"line":21,"column":34}}],"line":21},"1":{"loc":{"start":{"line":23,"column":2},"end":{"line":23,"column":72}},"type":"if","locations":[{"start":{"line":23,"column":2},"end":{"line":23,"column":72}},{"start":{"line":23,"column":2},"end":{"line":23,"column":72}}],"line":23}},"s":{"0":1,"1":1,"2":1,"3":1,"4":1,"5":1,"6":1,"7":0,"8":1,"9":3,"10":3,"11":3,"12":0,"13":3,"14":1},"f":{"0":0,"1":3},"b":{"0":[3,0],"1":[0,3]},"_coverageSchema":"1a1c01bbd47fc00a2c39e90264f33305004495a9","hash":"408eaca5d003f7a4628f3239a9737413dd17d495"}
,"/Users/clairecasey/Documents/Bootcamp/7/express-shipping/expressError.js": {"path":"/Users/clairecasey/Documents/Bootcamp/7/express-shipping/expressError.js","statementMap":{"0":{"start":{"line":9,"column":4},"end":{"line":9,"column":12}},"1":{"start":{"line":10,"column":4},"end":{"line":10,"column":27}},"2":{"start":{"line":11,"column":4},"end":{"line":11,"column":25}},"3":{"start":{"line":19,"column":4},"end":{"line":19,"column":24}},"4":{"start":{"line":27,"column":4},"end":{"line":27,"column":24}},"5":{"start":{"line":35,"column":4},"end":{"line":35,"column":24}},"6":{"start":{"line":43,"column":4},"end":{"line":43,"column":24}},"7":{"start":{"line":47,"column":0},"end":{"line":53,"column":2}}},"fnMap":{"0":{"name":"(anonymous_0)","decl":{"start":{"line":8,"column":2},"end":{"line":8,"column":3}},"loc":{"start":{"line":8,"column":31},"end":{"line":12,"column":3}},"line":8},"1":{"name":"(anonymous_1)","decl":{"start":{"line":18,"column":2},"end":{"line":18,"column":3}},"loc":{"start":{"line":18,"column":37},"end":{"line":20,"column":3}},"line":18},"2":{"name":"(anonymous_2)","decl":{"start":{"line":26,"column":2},"end":{"line":26,"column":3}},"loc":{"start":{"line":26,"column":40},"end":{"line":28,"column":3}},"line":26},"3":{"name":"(anonymous_3)","decl":{"start":{"line":34,"column":2},"end":{"line":34,"column":3}},"loc":{"start":{"line":34,"column":39},"end":{"line":36,"column":3}},"line":34},"4":{"name":"(anonymous_4)","decl":{"start":{"line":42,"column":2},"end":{"line":42,"column":3}},"loc":{"start":{"line":42,"column":39},"end":{"line":44,"column":3}},"line":42}},"branchMap":{"0":{"loc":{"start":{"line":18,"column":14},"end":{"line":18,"column":35}},"type":"default-arg","locations":[{"start":{"line":18,"column":24},"end":{"line":18,"column":35}}],"line":18},"1":{"loc":{"start":{"line":26,"column":14},"end":{"line":26,"column":38}},"type":"default-arg","locations":[{"start":{"line":26,"column":24},"end":{"line":26,"column":38}}],"line":26},"2":{"loc":{"start":{"line":34,"column":14},"end":{"line":34,"column":37}},"type":"default-arg","locations":[{"start":{"line":34,"column":24},"end":{"line":34,"column":37}}],"line":34},"3":{"loc":{"start":{"line":42,"column":14},"end":{"line":42,"column":37}},"type":"default-arg","locations":[{"start":{"line":42,"column":24},"end":{"line":42,"column":37}}],"line":42}},"s":{"0":3,"1":3,"2":3,"3":0,"4":0,"5":3,"6":0,"7":1},"f":{"0":3,"1":0,"2":0,"3":3,"4":0},"b":{"0":[0],"1":[0],"2":[0],"3":[0]},"_coverageSchema":"1a1c01bbd47fc00a2c39e90264f33305004495a9","hash":"c22fa948487b4706790f1a377f9204c57bf19629"}
,"/Users/clairecasey/Documents/Bootcamp/7/express-shipping/shipItApi.js": {"path":"/Users/clairecasey/Documents/Bootcamp/7/express-shipping/shipItApi.js","statementMap":{"0":{"start":{"line":3,"column":24},"end":{"line":3,"column":52}},"1":{"start":{"line":4,"column":23},"end":{"line":4,"column":43}},"2":{"start":{"line":6,"column":14},"end":{"line":6,"column":30}},"3":{"start":{"line":15,"column":2},"end":{"line":15,"column":55}},"4":{"start":{"line":17,"column":15},"end":{"line":27,"column":4}},"5":{"start":{"line":29,"column":2},"end":{"line":29,"column":34}},"6":{"start":{"line":32,"column":0},"end":{"line":32,"column":33}}},"fnMap":{"0":{"name":"shipProduct","decl":{"start":{"line":14,"column":15},"end":{"line":14,"column":26}},"loc":{"start":{"line":14,"column":59},"end":{"line":30,"column":1}},"line":14}},"branchMap":{},"s":{"0":1,"1":1,"2":1,"3":1,"4":1,"5":1,"6":1},"f":{"0":1},"b":{},"_coverageSchema":"1a1c01bbd47fc00a2c39e90264f33305004495a9","hash":"4c779e7f4a133649ae52d82699208c9196720a1f"}
,"/Users/clairecasey/Documents/Bootcamp/7/express-shipping/routes/shipments.js": {"path":"/Users/clairecasey/Documents/Bootcamp/7/express-shipping/routes/shipments.js","statementMap":{"0":{"start":{"line":3,"column":16},"end":{"line":3,"column":34}},"1":{"start":{"line":4,"column":15},"end":{"line":4,"column":35}},"2":{"start":{"line":5,"column":19},"end":{"line":5,"column":40}},"3":{"start":{"line":6,"column":23},"end":{"line":6,"column":64}},"4":{"start":{"line":7,"column":28},"end":{"line":7,"column":54}},"5":{"start":{"line":9,"column":24},"end":{"line":9,"column":47}},"6":{"start":{"line":19,"column":0},"end":{"line":33,"column":3}},"7":{"start":{"line":20,"column":2},"end":{"line":20,"column":64}},"8":{"start":{"line":22,"column":17},"end":{"line":22,"column":62}},"9":{"start":{"line":24,"column":2},"end":{"line":27,"column":3}},"10":{"start":{"line":25,"column":15},"end":{"line":25,"column":50}},"11":{"start":{"line":25,"column":40},"end":{"line":25,"column":49}},"12":{"start":{"line":26,"column":4},"end":{"line":26,"column":36}},"13":{"start":{"line":29,"column":41},"end":{"line":29,"column":49}},"14":{"start":{"line":30,"column":17},"end":{"line":30,"column":66}},"15":{"start":{"line":32,"column":2},"end":{"line":32,"column":39}},"16":{"start":{"line":36,"column":0},"end":{"line":36,"column":24}}},"fnMap":{"0":{"name":"(anonymous_0)","decl":{"start":{"line":19,"column":17},"end":{"line":19,"column":18}},"loc":{"start":{"line":19,"column":49},"end":{"line":33,"column":1}},"line":19},"1":{"name":"(anonymous_1)","decl":{"start":{"line":25,"column":33},"end":{"line":25,"column":34}},"loc":{"start":{"line":25,"column":40},"end":{"line":25,"column":49}},"line":25}},"branchMap":{"0":{"loc":{"start":{"line":24,"column":2},"end":{"line":27,"column":3}},"type":"if","locations":[{"start":{"line":24,"column":2},"end":{"line":27,"column":3}},{"start":{"line":24,"column":2},"end":{"line":27,"column":3}}],"line":24}},"s":{"0":1,"1":1,"2":1,"3":1,"4":1,"5":1,"6":1,"7":4,"8":4,"9":4,"10":3,"11":3,"12":3,"13":1,"14":1,"15":1,"16":1},"f":{"0":4,"1":3},"b":{"0":[3,1]},"_coverageSchema":"1a1c01bbd47fc00a2c39e90264f33305004495a9","hash":"101fed006deaff12a2e1d3cca000b810fac8d7d5"}
}
